<?xml version="1.0" encoding="UTF-8"?>
<testsuite xmlns:xsi="http://www.w3.org/2001/XMLSchema-instance" xsi:noNamespaceSchemaLocation="https://maven.apache.org/surefire/maven-surefire-plugin/xsd/surefire-test-report.xsd" name="com.example.demo.DemoApplicationTests" time="14.237" tests="23" errors="1" skipped="0" failures="0">
  <properties>
    <property name="java.specification.version" value="19"/>
    <property name="sun.jnu.encoding" value="UTF-8"/>
    <property name="java.class.path" value="/home/alicja/Studia/3sem/PAP/pap-project/target/test-classes:/home/alicja/Studia/3sem/PAP/pap-project/target/classes:/home/alicja/.m2/repository/org/springframework/boot/spring-boot-starter-web/3.0.0/spring-boot-starter-web-3.0.0.jar:/home/alicja/.m2/repository/org/springframework/boot/spring-boot-starter-json/3.0.0/spring-boot-starter-json-3.0.0.jar:/home/alicja/.m2/repository/com/fasterxml/jackson/datatype/jackson-datatype-jdk8/2.14.1/jackson-datatype-jdk8-2.14.1.jar:/home/alicja/.m2/repository/com/fasterxml/jackson/datatype/jackson-datatype-jsr310/2.14.1/jackson-datatype-jsr310-2.14.1.jar:/home/alicja/.m2/repository/com/fasterxml/jackson/module/jackson-module-parameter-names/2.14.1/jackson-module-parameter-names-2.14.1.jar:/home/alicja/.m2/repository/org/springframework/boot/spring-boot-starter-tomcat/3.0.0/spring-boot-starter-tomcat-3.0.0.jar:/home/alicja/.m2/repository/org/apache/tomcat/embed/tomcat-embed-core/10.1.1/tomcat-embed-core-10.1.1.jar:/home/alicja/.m2/repository/org/apache/tomcat/embed/tomcat-embed-el/10.1.1/tomcat-embed-el-10.1.1.jar:/home/alicja/.m2/repository/org/apache/tomcat/embed/tomcat-embed-websocket/10.1.1/tomcat-embed-websocket-10.1.1.jar:/home/alicja/.m2/repository/org/springframework/spring-web/6.0.2/spring-web-6.0.2.jar:/home/alicja/.m2/repository/org/springframework/spring-beans/6.0.2/spring-beans-6.0.2.jar:/home/alicja/.m2/repository/io/micrometer/micrometer-observation/1.10.2/micrometer-observation-1.10.2.jar:/home/alicja/.m2/repository/io/micrometer/micrometer-commons/1.10.2/micrometer-commons-1.10.2.jar:/home/alicja/.m2/repository/org/springframework/spring-webmvc/6.0.2/spring-webmvc-6.0.2.jar:/home/alicja/.m2/repository/org/springframework/spring-aop/6.0.2/spring-aop-6.0.2.jar:/home/alicja/.m2/repository/org/springframework/spring-context/6.0.2/spring-context-6.0.2.jar:/home/alicja/.m2/repository/org/springframework/spring-expression/6.0.2/spring-expression-6.0.2.jar:/home/alicja/.m2/repository/com/fasterxml/jackson/core/jackson-databind/2.13.3/jackson-databind-2.13.3.jar:/home/alicja/.m2/repository/com/fasterxml/jackson/core/jackson-annotations/2.14.1/jackson-annotations-2.14.1.jar:/home/alicja/.m2/repository/com/fasterxml/jackson/core/jackson-core/2.14.1/jackson-core-2.14.1.jar:/home/alicja/.m2/repository/org/springframework/boot/spring-boot-starter-jdbc/3.0.0/spring-boot-starter-jdbc-3.0.0.jar:/home/alicja/.m2/repository/com/zaxxer/HikariCP/5.0.1/HikariCP-5.0.1.jar:/home/alicja/.m2/repository/org/slf4j/slf4j-api/2.0.4/slf4j-api-2.0.4.jar:/home/alicja/.m2/repository/org/springframework/spring-jdbc/6.0.2/spring-jdbc-6.0.2.jar:/home/alicja/.m2/repository/org/springframework/spring-tx/6.0.2/spring-tx-6.0.2.jar:/home/alicja/.m2/repository/com/oracle/database/jdbc/ojdbc8/21.7.0.0/ojdbc8-21.7.0.0.jar:/home/alicja/.m2/repository/org/springframework/boot/spring-boot-starter/3.0.0/spring-boot-starter-3.0.0.jar:/home/alicja/.m2/repository/org/springframework/boot/spring-boot/3.0.0/spring-boot-3.0.0.jar:/home/alicja/.m2/repository/org/springframework/boot/spring-boot-autoconfigure/3.0.0/spring-boot-autoconfigure-3.0.0.jar:/home/alicja/.m2/repository/org/springframework/boot/spring-boot-starter-logging/3.0.0/spring-boot-starter-logging-3.0.0.jar:/home/alicja/.m2/repository/ch/qos/logback/logback-classic/1.4.5/logback-classic-1.4.5.jar:/home/alicja/.m2/repository/ch/qos/logback/logback-core/1.4.5/logback-core-1.4.5.jar:/home/alicja/.m2/repository/org/apache/logging/log4j/log4j-to-slf4j/2.19.0/log4j-to-slf4j-2.19.0.jar:/home/alicja/.m2/repository/org/apache/logging/log4j/log4j-api/2.19.0/log4j-api-2.19.0.jar:/home/alicja/.m2/repository/org/slf4j/jul-to-slf4j/2.0.4/jul-to-slf4j-2.0.4.jar:/home/alicja/.m2/repository/jakarta/annotation/jakarta.annotation-api/2.1.1/jakarta.annotation-api-2.1.1.jar:/home/alicja/.m2/repository/org/springframework/spring-core/6.0.2/spring-core-6.0.2.jar:/home/alicja/.m2/repository/org/springframework/spring-jcl/6.0.2/spring-jcl-6.0.2.jar:/home/alicja/.m2/repository/org/yaml/snakeyaml/1.33/snakeyaml-1.33.jar:/home/alicja/.m2/repository/org/springframework/boot/spring-boot-starter-test/3.0.0/spring-boot-starter-test-3.0.0.jar:/home/alicja/.m2/repository/org/springframework/boot/spring-boot-test/3.0.0/spring-boot-test-3.0.0.jar:/home/alicja/.m2/repository/org/springframework/boot/spring-boot-test-autoconfigure/3.0.0/spring-boot-test-autoconfigure-3.0.0.jar:/home/alicja/.m2/repository/com/jayway/jsonpath/json-path/2.7.0/json-path-2.7.0.jar:/home/alicja/.m2/repository/net/minidev/json-smart/2.4.8/json-smart-2.4.8.jar:/home/alicja/.m2/repository/net/minidev/accessors-smart/2.4.8/accessors-smart-2.4.8.jar:/home/alicja/.m2/repository/org/ow2/asm/asm/9.1/asm-9.1.jar:/home/alicja/.m2/repository/jakarta/xml/bind/jakarta.xml.bind-api/4.0.0/jakarta.xml.bind-api-4.0.0.jar:/home/alicja/.m2/repository/jakarta/activation/jakarta.activation-api/2.1.0/jakarta.activation-api-2.1.0.jar:/home/alicja/.m2/repository/org/assertj/assertj-core/3.23.1/assertj-core-3.23.1.jar:/home/alicja/.m2/repository/net/bytebuddy/byte-buddy/1.12.19/byte-buddy-1.12.19.jar:/home/alicja/.m2/repository/org/hamcrest/hamcrest/2.2/hamcrest-2.2.jar:/home/alicja/.m2/repository/org/junit/jupiter/junit-jupiter/5.9.1/junit-jupiter-5.9.1.jar:/home/alicja/.m2/repository/org/junit/jupiter/junit-jupiter-api/5.9.1/junit-jupiter-api-5.9.1.jar:/home/alicja/.m2/repository/org/opentest4j/opentest4j/1.2.0/opentest4j-1.2.0.jar:/home/alicja/.m2/repository/org/junit/platform/junit-platform-commons/1.9.1/junit-platform-commons-1.9.1.jar:/home/alicja/.m2/repository/org/apiguardian/apiguardian-api/1.1.2/apiguardian-api-1.1.2.jar:/home/alicja/.m2/repository/org/junit/jupiter/junit-jupiter-params/5.9.1/junit-jupiter-params-5.9.1.jar:/home/alicja/.m2/repository/org/junit/jupiter/junit-jupiter-engine/5.9.1/junit-jupiter-engine-5.9.1.jar:/home/alicja/.m2/repository/org/junit/platform/junit-platform-engine/1.9.1/junit-platform-engine-1.9.1.jar:/home/alicja/.m2/repository/org/mockito/mockito-core/4.8.1/mockito-core-4.8.1.jar:/home/alicja/.m2/repository/net/bytebuddy/byte-buddy-agent/1.12.19/byte-buddy-agent-1.12.19.jar:/home/alicja/.m2/repository/org/objenesis/objenesis/3.2/objenesis-3.2.jar:/home/alicja/.m2/repository/org/mockito/mockito-junit-jupiter/4.8.1/mockito-junit-jupiter-4.8.1.jar:/home/alicja/.m2/repository/org/skyscreamer/jsonassert/1.5.1/jsonassert-1.5.1.jar:/home/alicja/.m2/repository/com/vaadin/external/google/android-json/0.0.20131108.vaadin1/android-json-0.0.20131108.vaadin1.jar:/home/alicja/.m2/repository/org/springframework/spring-test/6.0.2/spring-test-6.0.2.jar:/home/alicja/.m2/repository/org/xmlunit/xmlunit-core/2.9.0/xmlunit-core-2.9.0.jar:"/>
    <property name="java.vm.vendor" value="Oracle Corporation"/>
    <property name="sun.arch.data.model" value="64"/>
    <property name="java.vendor.url" value="https://java.oracle.com/"/>
    <property name="os.name" value="Linux"/>
    <property name="java.vm.specification.version" value="19"/>
    <property name="sun.java.launcher" value="SUN_STANDARD"/>
    <property name="user.country" value="PL"/>
    <property name="sun.boot.library.path" value="/home/alicja/.jdks/openjdk-19.0.1/lib"/>
    <property name="sun.java.command" value="/home/alicja/Studia/3sem/PAP/pap-project/target/surefire/surefirebooter11520557211403051305.jar /home/alicja/Studia/3sem/PAP/pap-project/target/surefire 2023-01-17T21-23-14_340-jvmRun1 surefire9814307674914337608tmp surefire_017889073305791323831tmp"/>
    <property name="jdk.debug" value="release"/>
    <property name="surefire.test.class.path" value="/home/alicja/Studia/3sem/PAP/pap-project/target/test-classes:/home/alicja/Studia/3sem/PAP/pap-project/target/classes:/home/alicja/.m2/repository/org/springframework/boot/spring-boot-starter-web/3.0.0/spring-boot-starter-web-3.0.0.jar:/home/alicja/.m2/repository/org/springframework/boot/spring-boot-starter-json/3.0.0/spring-boot-starter-json-3.0.0.jar:/home/alicja/.m2/repository/com/fasterxml/jackson/datatype/jackson-datatype-jdk8/2.14.1/jackson-datatype-jdk8-2.14.1.jar:/home/alicja/.m2/repository/com/fasterxml/jackson/datatype/jackson-datatype-jsr310/2.14.1/jackson-datatype-jsr310-2.14.1.jar:/home/alicja/.m2/repository/com/fasterxml/jackson/module/jackson-module-parameter-names/2.14.1/jackson-module-parameter-names-2.14.1.jar:/home/alicja/.m2/repository/org/springframework/boot/spring-boot-starter-tomcat/3.0.0/spring-boot-starter-tomcat-3.0.0.jar:/home/alicja/.m2/repository/org/apache/tomcat/embed/tomcat-embed-core/10.1.1/tomcat-embed-core-10.1.1.jar:/home/alicja/.m2/repository/org/apache/tomcat/embed/tomcat-embed-el/10.1.1/tomcat-embed-el-10.1.1.jar:/home/alicja/.m2/repository/org/apache/tomcat/embed/tomcat-embed-websocket/10.1.1/tomcat-embed-websocket-10.1.1.jar:/home/alicja/.m2/repository/org/springframework/spring-web/6.0.2/spring-web-6.0.2.jar:/home/alicja/.m2/repository/org/springframework/spring-beans/6.0.2/spring-beans-6.0.2.jar:/home/alicja/.m2/repository/io/micrometer/micrometer-observation/1.10.2/micrometer-observation-1.10.2.jar:/home/alicja/.m2/repository/io/micrometer/micrometer-commons/1.10.2/micrometer-commons-1.10.2.jar:/home/alicja/.m2/repository/org/springframework/spring-webmvc/6.0.2/spring-webmvc-6.0.2.jar:/home/alicja/.m2/repository/org/springframework/spring-aop/6.0.2/spring-aop-6.0.2.jar:/home/alicja/.m2/repository/org/springframework/spring-context/6.0.2/spring-context-6.0.2.jar:/home/alicja/.m2/repository/org/springframework/spring-expression/6.0.2/spring-expression-6.0.2.jar:/home/alicja/.m2/repository/com/fasterxml/jackson/core/jackson-databind/2.13.3/jackson-databind-2.13.3.jar:/home/alicja/.m2/repository/com/fasterxml/jackson/core/jackson-annotations/2.14.1/jackson-annotations-2.14.1.jar:/home/alicja/.m2/repository/com/fasterxml/jackson/core/jackson-core/2.14.1/jackson-core-2.14.1.jar:/home/alicja/.m2/repository/org/springframework/boot/spring-boot-starter-jdbc/3.0.0/spring-boot-starter-jdbc-3.0.0.jar:/home/alicja/.m2/repository/com/zaxxer/HikariCP/5.0.1/HikariCP-5.0.1.jar:/home/alicja/.m2/repository/org/slf4j/slf4j-api/2.0.4/slf4j-api-2.0.4.jar:/home/alicja/.m2/repository/org/springframework/spring-jdbc/6.0.2/spring-jdbc-6.0.2.jar:/home/alicja/.m2/repository/org/springframework/spring-tx/6.0.2/spring-tx-6.0.2.jar:/home/alicja/.m2/repository/com/oracle/database/jdbc/ojdbc8/21.7.0.0/ojdbc8-21.7.0.0.jar:/home/alicja/.m2/repository/org/springframework/boot/spring-boot-starter/3.0.0/spring-boot-starter-3.0.0.jar:/home/alicja/.m2/repository/org/springframework/boot/spring-boot/3.0.0/spring-boot-3.0.0.jar:/home/alicja/.m2/repository/org/springframework/boot/spring-boot-autoconfigure/3.0.0/spring-boot-autoconfigure-3.0.0.jar:/home/alicja/.m2/repository/org/springframework/boot/spring-boot-starter-logging/3.0.0/spring-boot-starter-logging-3.0.0.jar:/home/alicja/.m2/repository/ch/qos/logback/logback-classic/1.4.5/logback-classic-1.4.5.jar:/home/alicja/.m2/repository/ch/qos/logback/logback-core/1.4.5/logback-core-1.4.5.jar:/home/alicja/.m2/repository/org/apache/logging/log4j/log4j-to-slf4j/2.19.0/log4j-to-slf4j-2.19.0.jar:/home/alicja/.m2/repository/org/apache/logging/log4j/log4j-api/2.19.0/log4j-api-2.19.0.jar:/home/alicja/.m2/repository/org/slf4j/jul-to-slf4j/2.0.4/jul-to-slf4j-2.0.4.jar:/home/alicja/.m2/repository/jakarta/annotation/jakarta.annotation-api/2.1.1/jakarta.annotation-api-2.1.1.jar:/home/alicja/.m2/repository/org/springframework/spring-core/6.0.2/spring-core-6.0.2.jar:/home/alicja/.m2/repository/org/springframework/spring-jcl/6.0.2/spring-jcl-6.0.2.jar:/home/alicja/.m2/repository/org/yaml/snakeyaml/1.33/snakeyaml-1.33.jar:/home/alicja/.m2/repository/org/springframework/boot/spring-boot-starter-test/3.0.0/spring-boot-starter-test-3.0.0.jar:/home/alicja/.m2/repository/org/springframework/boot/spring-boot-test/3.0.0/spring-boot-test-3.0.0.jar:/home/alicja/.m2/repository/org/springframework/boot/spring-boot-test-autoconfigure/3.0.0/spring-boot-test-autoconfigure-3.0.0.jar:/home/alicja/.m2/repository/com/jayway/jsonpath/json-path/2.7.0/json-path-2.7.0.jar:/home/alicja/.m2/repository/net/minidev/json-smart/2.4.8/json-smart-2.4.8.jar:/home/alicja/.m2/repository/net/minidev/accessors-smart/2.4.8/accessors-smart-2.4.8.jar:/home/alicja/.m2/repository/org/ow2/asm/asm/9.1/asm-9.1.jar:/home/alicja/.m2/repository/jakarta/xml/bind/jakarta.xml.bind-api/4.0.0/jakarta.xml.bind-api-4.0.0.jar:/home/alicja/.m2/repository/jakarta/activation/jakarta.activation-api/2.1.0/jakarta.activation-api-2.1.0.jar:/home/alicja/.m2/repository/org/assertj/assertj-core/3.23.1/assertj-core-3.23.1.jar:/home/alicja/.m2/repository/net/bytebuddy/byte-buddy/1.12.19/byte-buddy-1.12.19.jar:/home/alicja/.m2/repository/org/hamcrest/hamcrest/2.2/hamcrest-2.2.jar:/home/alicja/.m2/repository/org/junit/jupiter/junit-jupiter/5.9.1/junit-jupiter-5.9.1.jar:/home/alicja/.m2/repository/org/junit/jupiter/junit-jupiter-api/5.9.1/junit-jupiter-api-5.9.1.jar:/home/alicja/.m2/repository/org/opentest4j/opentest4j/1.2.0/opentest4j-1.2.0.jar:/home/alicja/.m2/repository/org/junit/platform/junit-platform-commons/1.9.1/junit-platform-commons-1.9.1.jar:/home/alicja/.m2/repository/org/apiguardian/apiguardian-api/1.1.2/apiguardian-api-1.1.2.jar:/home/alicja/.m2/repository/org/junit/jupiter/junit-jupiter-params/5.9.1/junit-jupiter-params-5.9.1.jar:/home/alicja/.m2/repository/org/junit/jupiter/junit-jupiter-engine/5.9.1/junit-jupiter-engine-5.9.1.jar:/home/alicja/.m2/repository/org/junit/platform/junit-platform-engine/1.9.1/junit-platform-engine-1.9.1.jar:/home/alicja/.m2/repository/org/mockito/mockito-core/4.8.1/mockito-core-4.8.1.jar:/home/alicja/.m2/repository/net/bytebuddy/byte-buddy-agent/1.12.19/byte-buddy-agent-1.12.19.jar:/home/alicja/.m2/repository/org/objenesis/objenesis/3.2/objenesis-3.2.jar:/home/alicja/.m2/repository/org/mockito/mockito-junit-jupiter/4.8.1/mockito-junit-jupiter-4.8.1.jar:/home/alicja/.m2/repository/org/skyscreamer/jsonassert/1.5.1/jsonassert-1.5.1.jar:/home/alicja/.m2/repository/com/vaadin/external/google/android-json/0.0.20131108.vaadin1/android-json-0.0.20131108.vaadin1.jar:/home/alicja/.m2/repository/org/springframework/spring-test/6.0.2/spring-test-6.0.2.jar:/home/alicja/.m2/repository/org/xmlunit/xmlunit-core/2.9.0/xmlunit-core-2.9.0.jar:"/>
    <property name="sun.cpu.endian" value="little"/>
    <property name="user.home" value="/home/alicja"/>
    <property name="user.language" value="pl"/>
    <property name="java.specification.vendor" value="Oracle Corporation"/>
    <property name="java.version.date" value="2022-10-18"/>
    <property name="java.home" value="/home/alicja/.jdks/openjdk-19.0.1"/>
    <property name="file.separator" value="/"/>
    <property name="basedir" value="/home/alicja/Studia/3sem/PAP/pap-project"/>
    <property name="java.vm.compressedOopsMode" value="Zero based"/>
    <property name="line.separator" value="&#10;"/>
    <property name="java.specification.name" value="Java Platform API Specification"/>
    <property name="java.vm.specification.vendor" value="Oracle Corporation"/>
    <property name="surefire.real.class.path" value="/home/alicja/Studia/3sem/PAP/pap-project/target/surefire/surefirebooter11520557211403051305.jar"/>
    <property name="sun.management.compiler" value="HotSpot 64-Bit Tiered Compilers"/>
    <property name="java.runtime.version" value="19.0.1+10-21"/>
    <property name="user.name" value="alicja"/>
    <property name="stdout.encoding" value="UTF-8"/>
    <property name="path.separator" value=":"/>
    <property name="os.version" value="5.15.0-56-generic"/>
    <property name="java.runtime.name" value="OpenJDK Runtime Environment"/>
    <property name="file.encoding" value="UTF-8"/>
    <property name="java.vm.name" value="OpenJDK 64-Bit Server VM"/>
    <property name="localRepository" value="/home/alicja/.m2/repository"/>
    <property name="java.vendor.url.bug" value="https://bugreport.java.com/bugreport/"/>
    <property name="java.io.tmpdir" value="/tmp"/>
    <property name="idea.version" value="2022.2.4"/>
    <property name="java.version" value="19.0.1"/>
    <property name="user.dir" value="/home/alicja/Studia/3sem/PAP/pap-project"/>
    <property name="os.arch" value="amd64"/>
    <property name="java.vm.specification.name" value="Java Virtual Machine Specification"/>
    <property name="native.encoding" value="UTF-8"/>
    <property name="java.library.path" value="/usr/java/packages/lib:/usr/lib64:/lib64:/lib:/usr/lib"/>
    <property name="java.vm.info" value="mixed mode, sharing"/>
    <property name="stderr.encoding" value="UTF-8"/>
    <property name="java.vendor" value="Oracle Corporation"/>
    <property name="java.vm.version" value="19.0.1+10-21"/>
    <property name="sun.io.unicode.encoding" value="UnicodeLittle"/>
    <property name="java.class.version" value="63.0"/>
  </properties>
  <testcase name="test_add_fav_client_not_exist" classname="com.example.demo.DemoApplicationTests" time="1.351"/>
  <testcase name="check_fridge_list" classname="com.example.demo.DemoApplicationTests" time="0.64"/>
  <testcase name="get_ingredient" classname="com.example.demo.DemoApplicationTests" time="2.711"/>
  <testcase name="get_ingredients" classname="com.example.demo.DemoApplicationTests" time="0.487"/>
  <testcase name="add_user" classname="com.example.demo.DemoApplicationTests" time="1.12">
    <error message="contentPane cannot be set to null." type="java.awt.IllegalComponentStateException">java.awt.IllegalComponentStateException: contentPane cannot be set to null.
	at com.example.demo.DemoApplicationTests.add_user(DemoApplicationTests.java:74)
</error>
  </testcase>
  <testcase name="check_add_to_day_menu" classname="com.example.demo.DemoApplicationTests" time="0.549"/>
  <testcase name="check_add_to_day_menu_recipe_not_exist" classname="com.example.demo.DemoApplicationTests" time="0.513"/>
  <testcase name="check_delete_from_day_menu" classname="com.example.demo.DemoApplicationTests" time="0.561"/>
  <testcase name="check_add_to_fav_recipe" classname="com.example.demo.DemoApplicationTests" time="0.563"/>
  <testcase name="check_shopping_list_food_not_exist" classname="com.example.demo.DemoApplicationTests" time="0.476"/>
  <testcase name="small" classname="com.example.demo.DemoApplicationTests" time="0.001"/>
  <testcase name="test_add_fav_recipe_not_exist" classname="com.example.demo.DemoApplicationTests" time="0.491"/>
  <testcase name="check_fridge_list_client_not_exist" classname="com.example.demo.DemoApplicationTests" time="0.492"/>
  <testcase name="test_step_to_recipe_not_existing" classname="com.example.demo.DemoApplicationTests" time="0.479"/>
  <testcase name="get_recipe_nutrients" classname="com.example.demo.DemoApplicationTests" time="0.156"/>
  <testcase name="get_client" classname="com.example.demo.DemoApplicationTests" time="0.467"/>
  <testcase name="check_add_to_day_menu_client_not_exist" classname="com.example.demo.DemoApplicationTests" time="0.473"/>
  <testcase name="check_shopping_list_client_not_exist" classname="com.example.demo.DemoApplicationTests" time="0.471"/>
  <testcase name="get_recipe" classname="com.example.demo.DemoApplicationTests" time="0.243"/>
  <testcase name="get_steps" classname="com.example.demo.DemoApplicationTests" time="0.461"/>
  <testcase name="get_recipes" classname="com.example.demo.DemoApplicationTests" time="0.49"/>
  <testcase name="check_shopping_list" classname="com.example.demo.DemoApplicationTests" time="0.524"/>
  <testcase name="check_fridge_list_food_not_exist" classname="com.example.demo.DemoApplicationTests" time="0.489"/>
</testsuite>